<?xml version="1.0" encoding="UTF-8"?>
<testsuite xmlns:xsi="http://www.w3.org/2001/XMLSchema-instance" xsi:noNamespaceSchemaLocation="https://maven.apache.org/surefire/maven-surefire-plugin/xsd/surefire-test-report.xsd" name="TestSuite" time="40.063" tests="2" errors="0" skipped="0" failures="0">
  <properties>
[...]
</properties>
  <testcase name="test" classname="com.browserstack.run_parallel_test.ParallelTest" time="6.544"/>
  <testcase name="test" classname="com.browserstack.run_parallel_test.ParallelTest" time="10.396"/>
</testsuite>