<?xml version="1.0" encoding="UTF-8"?>
<testng-results total="2" passed="2" failed="0" skipped="0">
  <reporter-output>
  </reporter-output>
  <suite started-at="2023-02-07T07:40:19Z" name="Parallel" finished-at="2023-02-07T07:40:59Z" duration-ms="39920">
    <groups>
    </groups>
    <test started-at="2023-02-07T07:40:19Z" name="ParallelTestPixel3" finished-at="2023-02-07T07:40:56Z" duration-ms="36320">
      <class name="com.browserstack.run_parallel_test.ParallelTest">
        <test-method is-config="true" signature="setUp(java.lang.String)[pri:0, instance:com.browserstack.run_parallel_test.ParallelTest@166fa74d]" started-at="2023-02-06T23:40:19Z" name="setUp" finished-at="2023-02-06T23:40:45Z" duration-ms="26032" status="PASS">
          <params>
            <param index="0">
              <value>
                <![CDATA[0]]>
              </value>
            </param>
          </params>
          <reporter-output>
          </reporter-output>
        </test-method> <!-- setUp -->
        <test-method signature="test()[pri:0, instance:com.browserstack.run_parallel_test.ParallelTest@166fa74d]" started-at="2023-02-06T23:40:45Z" name="test" finished-at="2023-02-06T23:40:54Z" duration-ms="8803" status="PASS">
          <reporter-output>
          </reporter-output>
        </test-method> <!-- test -->
        <test-method is-config="true" signature="tearDown()[pri:0, instance:com.browserstack.run_parallel_test.ParallelTest@166fa74d]" started-at="2023-02-06T23:40:54Z" name="tearDown" finished-at="2023-02-06T23:40:56Z" duration-ms="1480" status="PASS">
          <reporter-output>
          </reporter-output>
        </test-method> <!-- tearDown -->
      </class> <!-- com.browserstack.run_parallel_test.ParallelTest -->
    </test> <!-- ParallelTestPixel3 -->
    <test started-at="2023-02-07T07:40:19Z" name="ParallelTestGalaxy10e" finished-at="2023-02-07T07:40:59Z" duration-ms="39920">
      <class name="com.browserstack.run_parallel_test.ParallelTest">
        <test-method is-config="true" signature="setUp(java.lang.String)[pri:0, instance:com.browserstack.run_parallel_test.ParallelTest@32a068d1]" started-at="2023-02-06T23:40:19Z" name="setUp" finished-at="2023-02-06T23:40:48Z" duration-ms="28291" status="PASS">
          <params>
            <param index="0">
              <value>
                <![CDATA[1]]>
              </value>
            </param>
          </params>
          <reporter-output>
          </reporter-output>
        </test-method> <!-- setUp -->
        <test-method signature="test()[pri:0, instance:com.browserstack.run_parallel_test.ParallelTest@32a068d1]" started-at="2023-02-06T23:40:48Z" name="test" finished-at="2023-02-06T23:40:58Z" duration-ms="10392" status="PASS">
          <reporter-output>
          </reporter-output>
        </test-method> <!-- test -->
        <test-method is-config="true" signature="tearDown()[pri:0, instance:com.browserstack.run_parallel_test.ParallelTest@32a068d1]" started-at="2023-02-06T23:40:58Z" name="tearDown" finished-at="2023-02-06T23:40:59Z" duration-ms="1233" status="PASS">
          <reporter-output>
          </reporter-output>
        </test-method> <!-- tearDown -->
      </class> <!-- com.browserstack.run_parallel_test.ParallelTest -->
    </test> <!-- ParallelTestGalaxy10e -->
  </suite> <!-- Parallel -->
</testng-results>
